2023-12-29 23:39:20 [INFO ] Load generated SIDs from sleepedf.txt
2023-12-29 23:39:20 [INFO ] SIDs (20): [ 0  1  2  3  4  5  6  7  8  9 10 11 12 13 14 15 16 17 18 19]
2023-12-29 23:39:20 [INFO ] ------ Fold 1/20 ------
2023-12-29 23:39:20 [INFO ] Test SIDs: (1) [0]
2023-12-29 23:39:21 [INFO ] Loaded model from out_sleepedf/train\0\best_model.ckpt
2023-12-29 23:39:21 [INFO ] Subject ID: 0
2023-12-29 23:39:21 [INFO ] Load files ./data/sleepedf/sleep-cassette/eeg_fpz_cz\SC4001E0.npz ...
2023-12-29 23:39:21 [INFO ] Load files ./data/sleepedf/sleep-cassette/eeg_fpz_cz\SC4002E0.npz ...
2023-12-29 23:39:21 [INFO ] Test set (n_night_sleeps=2)
2023-12-29 23:39:21 [INFO ] (841, 1, 3000)
2023-12-29 23:39:21 [INFO ] (1127, 1, 3000)
2023-12-29 23:39:21 [INFO ] W: 371
2023-12-29 23:39:21 [INFO ] N1: 117
2023-12-29 23:39:21 [INFO ] N2: 623
2023-12-29 23:39:21 [INFO ] N3: 517
2023-12-29 23:39:21 [INFO ] REM: 340
2023-12-30 11:36:11 [INFO ] Load generated SIDs from sleepedf.txt
2023-12-30 11:36:11 [INFO ] SIDs (20): [ 0  1  2  3  4  5  6  7  8  9 10 11 12 13 14 15 16 17 18 19]
2023-12-30 11:36:11 [INFO ] ------ Fold 1/20 ------
2023-12-30 11:36:11 [INFO ] Test SIDs: (1) [0]
2023-12-30 11:36:15 [INFO ] Loaded model from out_sleepedf/train\0\best_model.ckpt
2023-12-30 11:36:15 [INFO ] Subject ID: 0
2023-12-30 11:36:15 [INFO ] Load files ./data/sleepedf/sleep-cassette/eeg_fpz_cz\SC4001E0.npz ...
2023-12-30 11:36:15 [INFO ] Load files ./data/sleepedf/sleep-cassette/eeg_fpz_cz\SC4002E0.npz ...
2023-12-30 11:36:15 [INFO ] Test set (n_night_sleeps=2)
2023-12-30 11:36:15 [INFO ] (841, 1, 3000)
2023-12-30 11:36:15 [INFO ] (1127, 1, 3000)
2023-12-30 11:36:15 [INFO ] W: 371
2023-12-30 11:36:15 [INFO ] N1: 117
2023-12-30 11:36:15 [INFO ] N2: 623
2023-12-30 11:36:15 [INFO ] N3: 517
2023-12-30 11:36:15 [INFO ] REM: 340
2023-12-30 11:38:55 [INFO ] Load generated SIDs from sleepedf.txt
2023-12-30 11:38:55 [INFO ] SIDs (20): [ 0  1  2  3  4  5  6  7  8  9 10 11 12 13 14 15 16 17 18 19]
2023-12-30 11:38:55 [INFO ] ------ Fold 1/20 ------
2023-12-30 11:38:55 [INFO ] Test SIDs: (1) [0]
2023-12-30 11:38:57 [INFO ] Loaded model from out_sleepedf/train\0\best_model.ckpt
2023-12-30 11:38:57 [INFO ] Subject ID: 0
2023-12-30 11:38:57 [INFO ] Load files ./data/sleepedf/sleep-cassette/eeg_fpz_cz\SC4001E0.npz ...
2023-12-30 11:38:57 [INFO ] Load files ./data/sleepedf/sleep-cassette/eeg_fpz_cz\SC4002E0.npz ...
2023-12-30 11:38:57 [INFO ] Test set (n_night_sleeps=2)
2023-12-30 11:38:57 [INFO ] (841, 1, 3000)
2023-12-30 11:38:57 [INFO ] (1127, 1, 3000)
2023-12-30 11:38:57 [INFO ] W: 371
2023-12-30 11:38:57 [INFO ] N1: 117
2023-12-30 11:38:57 [INFO ] N2: 623
2023-12-30 11:38:57 [INFO ] N3: 517
2023-12-30 11:38:57 [INFO ] REM: 340
2023-12-30 11:43:39 [INFO ] Load generated SIDs from sleepedf.txt
2023-12-30 11:43:39 [INFO ] SIDs (20): [ 0  1  2  3  4  5  6  7  8  9 10 11 12 13 14 15 16 17 18 19]
2023-12-30 11:43:39 [INFO ] ------ Fold 1/20 ------
2023-12-30 11:43:39 [INFO ] Test SIDs: (1) [0]
2023-12-30 11:43:40 [INFO ] Loaded model from out_sleepedf/train\0\best_model.ckpt
2023-12-30 11:43:40 [INFO ] Subject ID: 0
2023-12-30 11:43:40 [INFO ] Load files ./data/sleepedf/sleep-cassette/eeg_fpz_cz\SC4001E0.npz ...
2023-12-30 11:43:40 [INFO ] Load files ./data/sleepedf/sleep-cassette/eeg_fpz_cz\SC4002E0.npz ...
2023-12-30 11:43:40 [INFO ] Test set (n_night_sleeps=2)
2023-12-30 11:43:40 [INFO ] (841, 1, 3000)
2023-12-30 11:43:40 [INFO ] (1127, 1, 3000)
2023-12-30 11:43:40 [INFO ] W: 371
2023-12-30 11:43:40 [INFO ] N1: 117
2023-12-30 11:43:40 [INFO ] N2: 623
2023-12-30 11:43:40 [INFO ] N3: 517
2023-12-30 11:43:40 [INFO ] REM: 340
2023-12-30 11:44:28 [INFO ] Load generated SIDs from sleepedf.txt
2023-12-30 11:44:28 [INFO ] SIDs (20): [ 0  1  2  3  4  5  6  7  8  9 10 11 12 13 14 15 16 17 18 19]
2023-12-30 11:44:28 [INFO ] ------ Fold 1/20 ------
2023-12-30 11:44:28 [INFO ] Test SIDs: (1) [0]
2023-12-30 11:44:30 [INFO ] Loaded model from out_sleepedf/train\0\best_model.ckpt
2023-12-30 11:44:30 [INFO ] Subject ID: 0
2023-12-30 11:44:30 [INFO ] Load files ./data/sleepedf/sleep-cassette/eeg_fpz_cz\SC4001E0.npz ...
2023-12-30 11:44:30 [INFO ] Load files ./data/sleepedf/sleep-cassette/eeg_fpz_cz\SC4002E0.npz ...
2023-12-30 11:44:30 [INFO ] Test set (n_night_sleeps=2)
2023-12-30 11:44:30 [INFO ] (841, 1, 3000)
2023-12-30 11:44:30 [INFO ] (1127, 1, 3000)
2023-12-30 11:44:30 [INFO ] W: 371
2023-12-30 11:44:30 [INFO ] N1: 117
2023-12-30 11:44:30 [INFO ] N2: 623
2023-12-30 11:44:30 [INFO ] N3: 517
2023-12-30 11:44:30 [INFO ] REM: 340
2023-12-30 11:45:29 [INFO ] Load generated SIDs from sleepedf.txt
2023-12-30 11:45:29 [INFO ] SIDs (20): [ 0  1  2  3  4  5  6  7  8  9 10 11 12 13 14 15 16 17 18 19]
2023-12-30 11:45:29 [INFO ] ------ Fold 1/20 ------
2023-12-30 11:45:29 [INFO ] Test SIDs: (1) [0]
2023-12-30 11:45:31 [INFO ] Loaded model from out_sleepedf/train\0\best_model.ckpt
2023-12-30 11:45:31 [INFO ] Subject ID: 0
2023-12-30 11:45:31 [INFO ] Load files ./data/sleepedf/sleep-cassette/eeg_fpz_cz\SC4001E0.npz ...
2023-12-30 11:45:31 [INFO ] Load files ./data/sleepedf/sleep-cassette/eeg_fpz_cz\SC4002E0.npz ...
2023-12-30 11:45:31 [INFO ] Test set (n_night_sleeps=2)
2023-12-30 11:45:31 [INFO ] (841, 1, 3000)
2023-12-30 11:45:31 [INFO ] (1127, 1, 3000)
2023-12-30 11:45:31 [INFO ] W: 371
2023-12-30 11:45:31 [INFO ] N1: 117
2023-12-30 11:45:31 [INFO ] N2: 623
2023-12-30 11:45:31 [INFO ] N3: 517
2023-12-30 11:45:31 [INFO ] REM: 340
2023-12-30 11:45:42 [INFO ] Load generated SIDs from sleepedf.txt
2023-12-30 11:45:42 [INFO ] SIDs (20): [ 0  1  2  3  4  5  6  7  8  9 10 11 12 13 14 15 16 17 18 19]
2023-12-30 11:45:42 [INFO ] ------ Fold 1/20 ------
2023-12-30 11:45:42 [INFO ] Test SIDs: (1) [0]
2023-12-30 11:45:44 [INFO ] Loaded model from out_sleepedf/train\0\best_model.ckpt
2023-12-30 11:45:44 [INFO ] Subject ID: 0
2023-12-30 11:45:44 [INFO ] Load files ./data/sleepedf/sleep-cassette/eeg_fpz_cz\SC4001E0.npz ...
2023-12-30 11:45:44 [INFO ] Load files ./data/sleepedf/sleep-cassette/eeg_fpz_cz\SC4002E0.npz ...
2023-12-30 11:45:44 [INFO ] Test set (n_night_sleeps=2)
2023-12-30 11:45:44 [INFO ] (841, 1, 3000)
2023-12-30 11:45:44 [INFO ] (1127, 1, 3000)
2023-12-30 11:45:44 [INFO ] W: 371
2023-12-30 11:45:44 [INFO ] N1: 117
2023-12-30 11:45:44 [INFO ] N2: 623
2023-12-30 11:45:44 [INFO ] N3: 517
2023-12-30 11:45:44 [INFO ] REM: 340
2023-12-30 11:46:19 [INFO ] Load generated SIDs from sleepedf.txt
2023-12-30 11:46:19 [INFO ] SIDs (20): [ 0  1  2  3  4  5  6  7  8  9 10 11 12 13 14 15 16 17 18 19]
2023-12-30 11:46:19 [INFO ] ------ Fold 1/20 ------
2023-12-30 11:46:19 [INFO ] Test SIDs: (1) [0]
2023-12-30 11:46:20 [INFO ] Loaded model from out_sleepedf/train\0\best_model.ckpt
2023-12-30 11:46:20 [INFO ] Subject ID: 0
2023-12-30 11:46:20 [INFO ] Load files ./data/sleepedf/sleep-cassette/eeg_fpz_cz\SC4001E0.npz ...
2023-12-30 11:46:20 [INFO ] Load files ./data/sleepedf/sleep-cassette/eeg_fpz_cz\SC4002E0.npz ...
2023-12-30 11:46:20 [INFO ] Test set (n_night_sleeps=2)
2023-12-30 11:46:20 [INFO ] (841, 1, 3000)
2023-12-30 11:46:20 [INFO ] (1127, 1, 3000)
2023-12-30 11:46:20 [INFO ] W: 371
2023-12-30 11:46:20 [INFO ] N1: 117
2023-12-30 11:46:20 [INFO ] N2: 623
2023-12-30 11:46:20 [INFO ] N3: 517
2023-12-30 11:46:20 [INFO ] REM: 340
2023-12-30 11:49:20 [INFO ] Load generated SIDs from sleepedf.txt
2023-12-30 11:49:20 [INFO ] SIDs (20): [ 0  1  2  3  4  5  6  7  8  9 10 11 12 13 14 15 16 17 18 19]
2023-12-30 11:49:20 [INFO ] ------ Fold 1/20 ------
2023-12-30 11:49:20 [INFO ] Test SIDs: (1) [0]
2023-12-30 11:49:22 [INFO ] Loaded model from out_sleepedf/train\0\best_model.ckpt
2023-12-30 11:49:22 [INFO ] Subject ID: 0
2023-12-30 11:49:22 [INFO ] Load files ./data/sleepedf/sleep-cassette/eeg_fpz_cz\SC4001E0.npz ...
2023-12-30 11:49:22 [INFO ] Load files ./data/sleepedf/sleep-cassette/eeg_fpz_cz\SC4002E0.npz ...
2023-12-30 11:49:22 [INFO ] Test set (n_night_sleeps=2)
2023-12-30 11:49:22 [INFO ] (841, 1, 3000)
2023-12-30 11:49:22 [INFO ] (1127, 1, 3000)
2023-12-30 11:49:22 [INFO ] W: 371
2023-12-30 11:49:22 [INFO ] N1: 117
2023-12-30 11:49:22 [INFO ] N2: 623
2023-12-30 11:49:22 [INFO ] N3: 517
2023-12-30 11:49:22 [INFO ] REM: 340
2023-12-30 11:49:43 [INFO ] Load generated SIDs from sleepedf.txt
2023-12-30 11:49:43 [INFO ] SIDs (20): [ 0  1  2  3  4  5  6  7  8  9 10 11 12 13 14 15 16 17 18 19]
2023-12-30 11:49:43 [INFO ] ------ Fold 1/20 ------
2023-12-30 11:49:43 [INFO ] Test SIDs: (1) [0]
2023-12-30 11:49:44 [INFO ] Loaded model from out_sleepedf/train\0\best_model.ckpt
2023-12-30 11:49:44 [INFO ] Subject ID: 0
2023-12-30 11:49:44 [INFO ] Load files ./data/sleepedf/sleep-cassette/eeg_fpz_cz\SC4001E0.npz ...
2023-12-30 11:49:44 [INFO ] Load files ./data/sleepedf/sleep-cassette/eeg_fpz_cz\SC4002E0.npz ...
2023-12-30 11:49:44 [INFO ] Test set (n_night_sleeps=2)
2023-12-30 11:49:44 [INFO ] (841, 1, 3000)
2023-12-30 11:49:44 [INFO ] (1127, 1, 3000)
2023-12-30 11:49:44 [INFO ] W: 371
2023-12-30 11:49:44 [INFO ] N1: 117
2023-12-30 11:49:44 [INFO ] N2: 623
2023-12-30 11:49:44 [INFO ] N3: 517
2023-12-30 11:49:44 [INFO ] REM: 340
2023-12-30 11:50:28 [INFO ] Load generated SIDs from sleepedf.txt
2023-12-30 11:50:28 [INFO ] SIDs (20): [ 0  1  2  3  4  5  6  7  8  9 10 11 12 13 14 15 16 17 18 19]
2023-12-30 11:50:28 [INFO ] ------ Fold 1/20 ------
2023-12-30 11:50:28 [INFO ] Test SIDs: (1) [0]
2023-12-30 11:50:30 [INFO ] Loaded model from out_sleepedf/train\0\best_model.ckpt
2023-12-30 11:50:30 [INFO ] Subject ID: 0
2023-12-30 11:50:30 [INFO ] Load files ./data/sleepedf/sleep-cassette/eeg_fpz_cz\SC4001E0.npz ...
2023-12-30 11:50:30 [INFO ] Load files ./data/sleepedf/sleep-cassette/eeg_fpz_cz\SC4002E0.npz ...
2023-12-30 11:50:30 [INFO ] Test set (n_night_sleeps=2)
2023-12-30 11:50:30 [INFO ] (841, 1, 3000)
2023-12-30 11:50:30 [INFO ] (1127, 1, 3000)
2023-12-30 11:50:30 [INFO ] W: 371
2023-12-30 11:50:30 [INFO ] N1: 117
2023-12-30 11:50:30 [INFO ] N2: 623
2023-12-30 11:50:30 [INFO ] N3: 517
2023-12-30 11:50:30 [INFO ] REM: 340
2023-12-30 11:51:52 [INFO ] Load generated SIDs from sleepedf.txt
2023-12-30 11:51:52 [INFO ] SIDs (20): [ 0  1  2  3  4  5  6  7  8  9 10 11 12 13 14 15 16 17 18 19]
2023-12-30 11:51:52 [INFO ] ------ Fold 1/20 ------
2023-12-30 11:51:52 [INFO ] Test SIDs: (1) [0]
2023-12-30 11:51:53 [INFO ] Loaded model from out_sleepedf/train\0\best_model.ckpt
2023-12-30 11:51:53 [INFO ] Subject ID: 0
2023-12-30 11:51:53 [INFO ] Load files ./data/sleepedf/sleep-cassette/eeg_fpz_cz\SC4001E0.npz ...
2023-12-30 11:51:53 [INFO ] Load files ./data/sleepedf/sleep-cassette/eeg_fpz_cz\SC4002E0.npz ...
2023-12-30 11:51:53 [INFO ] Test set (n_night_sleeps=2)
2023-12-30 11:51:53 [INFO ] (841, 1, 3000)
2023-12-30 11:51:53 [INFO ] (1127, 1, 3000)
2023-12-30 11:51:53 [INFO ] W: 371
2023-12-30 11:51:53 [INFO ] N1: 117
2023-12-30 11:51:53 [INFO ] N2: 623
2023-12-30 11:51:53 [INFO ] N3: 517
2023-12-30 11:51:53 [INFO ] REM: 340
2023-12-30 11:52:37 [INFO ] Load generated SIDs from sleepedf.txt
2023-12-30 11:52:37 [INFO ] SIDs (20): [ 0  1  2  3  4  5  6  7  8  9 10 11 12 13 14 15 16 17 18 19]
2023-12-30 11:52:37 [INFO ] ------ Fold 1/20 ------
2023-12-30 11:52:37 [INFO ] Test SIDs: (1) [0]
2023-12-30 11:52:38 [INFO ] Loaded model from out_sleepedf/train\0\best_model.ckpt
2023-12-30 11:52:38 [INFO ] Subject ID: 0
2023-12-30 11:52:38 [INFO ] Load files ./data/sleepedf/sleep-cassette/eeg_fpz_cz\SC4001E0.npz ...
2023-12-30 11:52:38 [INFO ] Load files ./data/sleepedf/sleep-cassette/eeg_fpz_cz\SC4002E0.npz ...
2023-12-30 11:52:38 [INFO ] Test set (n_night_sleeps=2)
2023-12-30 11:52:38 [INFO ] (841, 1, 3000)
2023-12-30 11:52:38 [INFO ] (1127, 1, 3000)
2023-12-30 11:52:38 [INFO ] W: 371
2023-12-30 11:52:38 [INFO ] N1: 117
2023-12-30 11:52:38 [INFO ] N2: 623
2023-12-30 11:52:38 [INFO ] N3: 517
2023-12-30 11:52:38 [INFO ] REM: 340
2023-12-30 11:53:12 [INFO ] Load generated SIDs from sleepedf.txt
2023-12-30 11:53:12 [INFO ] SIDs (20): [ 0  1  2  3  4  5  6  7  8  9 10 11 12 13 14 15 16 17 18 19]
2023-12-30 11:53:12 [INFO ] ------ Fold 1/20 ------
2023-12-30 11:53:12 [INFO ] Test SIDs: (1) [0]
2023-12-30 11:53:13 [INFO ] Loaded model from out_sleepedf/train\0\best_model.ckpt
2023-12-30 11:53:13 [INFO ] Subject ID: 0
2023-12-30 11:53:13 [INFO ] Load files ./data/sleepedf/sleep-cassette/eeg_fpz_cz\SC4001E0.npz ...
2023-12-30 11:53:13 [INFO ] Load files ./data/sleepedf/sleep-cassette/eeg_fpz_cz\SC4002E0.npz ...
2023-12-30 11:53:13 [INFO ] Test set (n_night_sleeps=2)
2023-12-30 11:53:13 [INFO ] (841, 1, 3000)
2023-12-30 11:53:13 [INFO ] (1127, 1, 3000)
2023-12-30 11:53:13 [INFO ] W: 371
2023-12-30 11:53:13 [INFO ] N1: 117
2023-12-30 11:53:13 [INFO ] N2: 623
2023-12-30 11:53:13 [INFO ] N3: 517
2023-12-30 11:53:13 [INFO ] REM: 340
2023-12-30 11:53:53 [INFO ] Load generated SIDs from sleepedf.txt
2023-12-30 11:53:53 [INFO ] SIDs (20): [ 0  1  2  3  4  5  6  7  8  9 10 11 12 13 14 15 16 17 18 19]
2023-12-30 11:53:53 [INFO ] ------ Fold 1/20 ------
2023-12-30 11:53:53 [INFO ] Test SIDs: (1) [0]
2023-12-30 11:53:54 [INFO ] Loaded model from out_sleepedf/train\0\best_model.ckpt
2023-12-30 11:53:54 [INFO ] Subject ID: 0
2023-12-30 11:53:54 [INFO ] Load files ./data/sleepedf/sleep-cassette/eeg_fpz_cz\SC4001E0.npz ...
2023-12-30 11:53:54 [INFO ] Load files ./data/sleepedf/sleep-cassette/eeg_fpz_cz\SC4002E0.npz ...
2023-12-30 11:53:54 [INFO ] Test set (n_night_sleeps=2)
2023-12-30 11:53:54 [INFO ] (841, 1, 3000)
2023-12-30 11:53:54 [INFO ] (1127, 1, 3000)
2023-12-30 11:53:54 [INFO ] W: 371
2023-12-30 11:53:54 [INFO ] N1: 117
2023-12-30 11:53:54 [INFO ] N2: 623
2023-12-30 11:53:54 [INFO ] N3: 517
2023-12-30 11:53:54 [INFO ] REM: 340
2023-12-30 11:54:22 [INFO ] Load generated SIDs from sleepedf.txt
2023-12-30 11:54:22 [INFO ] SIDs (20): [ 0  1  2  3  4  5  6  7  8  9 10 11 12 13 14 15 16 17 18 19]
2023-12-30 11:54:22 [INFO ] ------ Fold 1/20 ------
2023-12-30 11:54:22 [INFO ] Test SIDs: (1) [0]
2023-12-30 11:54:23 [INFO ] Loaded model from out_sleepedf/train\0\best_model.ckpt
2023-12-30 11:54:23 [INFO ] Subject ID: 0
2023-12-30 11:54:23 [INFO ] Load files ./data/sleepedf/sleep-cassette/eeg_fpz_cz\SC4001E0.npz ...
2023-12-30 11:54:23 [INFO ] Load files ./data/sleepedf/sleep-cassette/eeg_fpz_cz\SC4002E0.npz ...
2023-12-30 11:54:23 [INFO ] Test set (n_night_sleeps=2)
2023-12-30 11:54:23 [INFO ] (841, 1, 3000)
2023-12-30 11:54:23 [INFO ] (1127, 1, 3000)
2023-12-30 11:54:23 [INFO ] W: 371
2023-12-30 11:54:23 [INFO ] N1: 117
2023-12-30 11:54:23 [INFO ] N2: 623
2023-12-30 11:54:23 [INFO ] N3: 517
2023-12-30 11:54:23 [INFO ] REM: 340
2023-12-30 11:54:58 [INFO ] Load generated SIDs from sleepedf.txt
2023-12-30 11:54:58 [INFO ] SIDs (20): [ 0  1  2  3  4  5  6  7  8  9 10 11 12 13 14 15 16 17 18 19]
2023-12-30 11:54:58 [INFO ] ------ Fold 1/20 ------
2023-12-30 11:54:58 [INFO ] Test SIDs: (1) [0]
2023-12-30 11:54:59 [INFO ] Loaded model from out_sleepedf/train\0\best_model.ckpt
2023-12-30 11:54:59 [INFO ] Subject ID: 0
2023-12-30 11:54:59 [INFO ] Load files ./data/sleepedf/sleep-cassette/eeg_fpz_cz\SC4001E0.npz ...
2023-12-30 11:54:59 [INFO ] Load files ./data/sleepedf/sleep-cassette/eeg_fpz_cz\SC4002E0.npz ...
2023-12-30 11:54:59 [INFO ] Test set (n_night_sleeps=2)
2023-12-30 11:54:59 [INFO ] (841, 1, 3000)
2023-12-30 11:54:59 [INFO ] (1127, 1, 3000)
2023-12-30 11:54:59 [INFO ] W: 371
2023-12-30 11:54:59 [INFO ] N1: 117
2023-12-30 11:54:59 [INFO ] N2: 623
2023-12-30 11:54:59 [INFO ] N3: 517
2023-12-30 11:54:59 [INFO ] REM: 340
2023-12-30 11:55:27 [INFO ] Load generated SIDs from sleepedf.txt
2023-12-30 11:55:27 [INFO ] SIDs (20): [ 0  1  2  3  4  5  6  7  8  9 10 11 12 13 14 15 16 17 18 19]
2023-12-30 11:55:27 [INFO ] ------ Fold 1/20 ------
2023-12-30 11:55:27 [INFO ] Test SIDs: (1) [0]
2023-12-30 11:55:28 [INFO ] Loaded model from out_sleepedf/train\0\best_model.ckpt
2023-12-30 11:55:28 [INFO ] Subject ID: 0
2023-12-30 11:55:28 [INFO ] Load files ./data/sleepedf/sleep-cassette/eeg_fpz_cz\SC4001E0.npz ...
2023-12-30 11:55:28 [INFO ] Load files ./data/sleepedf/sleep-cassette/eeg_fpz_cz\SC4002E0.npz ...
2023-12-30 11:55:28 [INFO ] Test set (n_night_sleeps=2)
2023-12-30 11:55:28 [INFO ] (841, 1, 3000)
2023-12-30 11:55:28 [INFO ] (1127, 1, 3000)
2023-12-30 11:55:28 [INFO ] W: 371
2023-12-30 11:55:28 [INFO ] N1: 117
2023-12-30 11:55:28 [INFO ] N2: 623
2023-12-30 11:55:28 [INFO ] N3: 517
2023-12-30 11:55:28 [INFO ] REM: 340
2023-12-30 11:59:25 [INFO ] Load generated SIDs from sleepedf.txt
2023-12-30 11:59:25 [INFO ] SIDs (20): [ 0  1  2  3  4  5  6  7  8  9 10 11 12 13 14 15 16 17 18 19]
2023-12-30 11:59:25 [INFO ] ------ Fold 1/20 ------
2023-12-30 11:59:25 [INFO ] Test SIDs: (1) [0]
2023-12-30 11:59:26 [INFO ] Loaded model from out_sleepedf/train\0\best_model.ckpt
2023-12-30 11:59:26 [INFO ] Subject ID: 0
2023-12-30 11:59:26 [INFO ] Load files ./data/sleepedf/sleep-cassette/eeg_fpz_cz\SC4001E0.npz ...
2023-12-30 11:59:26 [INFO ] Load files ./data/sleepedf/sleep-cassette/eeg_fpz_cz\SC4002E0.npz ...
2023-12-30 11:59:26 [INFO ] Test set (n_night_sleeps=2)
2023-12-30 11:59:26 [INFO ] (841, 1, 3000)
2023-12-30 11:59:26 [INFO ] (1127, 1, 3000)
2023-12-30 11:59:26 [INFO ] W: 371
2023-12-30 11:59:26 [INFO ] N1: 117
2023-12-30 11:59:26 [INFO ] N2: 623
2023-12-30 11:59:26 [INFO ] N3: 517
2023-12-30 11:59:26 [INFO ] REM: 340
2023-12-30 12:02:00 [INFO ] Load generated SIDs from sleepedf.txt
2023-12-30 12:02:00 [INFO ] SIDs (20): [ 0  1  2  3  4  5  6  7  8  9 10 11 12 13 14 15 16 17 18 19]
2023-12-30 12:02:00 [INFO ] ------ Fold 1/20 ------
2023-12-30 12:02:00 [INFO ] Test SIDs: (1) [0]
2023-12-30 12:02:01 [INFO ] Loaded model from out_sleepedf/train\0\best_model.ckpt
2023-12-30 12:02:01 [INFO ] Subject ID: 0
2023-12-30 12:02:01 [INFO ] Load files ./data/sleepedf/sleep-cassette/eeg_fpz_cz\SC4001E0.npz ...
2023-12-30 12:02:01 [INFO ] Load files ./data/sleepedf/sleep-cassette/eeg_fpz_cz\SC4002E0.npz ...
2023-12-30 12:02:01 [INFO ] Test set (n_night_sleeps=2)
2023-12-30 12:02:01 [INFO ] (841, 1, 3000)
2023-12-30 12:02:01 [INFO ] (1127, 1, 3000)
2023-12-30 12:02:01 [INFO ] W: 371
2023-12-30 12:02:01 [INFO ] N1: 117
2023-12-30 12:02:01 [INFO ] N2: 623
2023-12-30 12:02:01 [INFO ] N3: 517
2023-12-30 12:02:01 [INFO ] REM: 340
2023-12-30 12:02:17 [INFO ] Load generated SIDs from sleepedf.txt
2023-12-30 12:02:17 [INFO ] SIDs (20): [ 0  1  2  3  4  5  6  7  8  9 10 11 12 13 14 15 16 17 18 19]
2023-12-30 12:02:17 [INFO ] ------ Fold 1/20 ------
2023-12-30 12:02:17 [INFO ] Test SIDs: (1) [0]
2023-12-30 12:02:18 [INFO ] Loaded model from out_sleepedf/train\0\best_model.ckpt
2023-12-30 12:02:18 [INFO ] Subject ID: 0
2023-12-30 12:02:18 [INFO ] Load files ./data/sleepedf/sleep-cassette/eeg_fpz_cz\SC4001E0.npz ...
2023-12-30 12:02:18 [INFO ] Load files ./data/sleepedf/sleep-cassette/eeg_fpz_cz\SC4002E0.npz ...
2023-12-30 12:02:18 [INFO ] Test set (n_night_sleeps=2)
2023-12-30 12:02:18 [INFO ] (841, 1, 3000)
2023-12-30 12:02:18 [INFO ] (1127, 1, 3000)
2023-12-30 12:02:18 [INFO ] W: 371
2023-12-30 12:02:18 [INFO ] N1: 117
2023-12-30 12:02:18 [INFO ] N2: 623
2023-12-30 12:02:18 [INFO ] N3: 517
2023-12-30 12:02:18 [INFO ] REM: 340
2023-12-30 12:02:50 [INFO ] Load generated SIDs from sleepedf.txt
2023-12-30 12:02:50 [INFO ] SIDs (20): [ 0  1  2  3  4  5  6  7  8  9 10 11 12 13 14 15 16 17 18 19]
2023-12-30 12:02:50 [INFO ] ------ Fold 1/20 ------
2023-12-30 12:02:50 [INFO ] Test SIDs: (1) [0]
2023-12-30 12:02:52 [INFO ] Loaded model from out_sleepedf/train\0\best_model.ckpt
2023-12-30 12:02:52 [INFO ] Subject ID: 0
2023-12-30 12:02:52 [INFO ] Load files ./data/sleepedf/sleep-cassette/eeg_fpz_cz\SC4001E0.npz ...
2023-12-30 12:02:52 [INFO ] Load files ./data/sleepedf/sleep-cassette/eeg_fpz_cz\SC4002E0.npz ...
2023-12-30 12:02:52 [INFO ] Test set (n_night_sleeps=2)
2023-12-30 12:02:52 [INFO ] (841, 1, 3000)
2023-12-30 12:02:52 [INFO ] (1127, 1, 3000)
2023-12-30 12:02:52 [INFO ] W: 371
2023-12-30 12:02:52 [INFO ] N1: 117
2023-12-30 12:02:52 [INFO ] N2: 623
2023-12-30 12:02:52 [INFO ] N3: 517
2023-12-30 12:02:52 [INFO ] REM: 340
2023-12-30 12:03:04 [INFO ] Load generated SIDs from sleepedf.txt
2023-12-30 12:03:04 [INFO ] SIDs (20): [ 0  1  2  3  4  5  6  7  8  9 10 11 12 13 14 15 16 17 18 19]
2023-12-30 12:03:04 [INFO ] ------ Fold 1/20 ------
2023-12-30 12:03:04 [INFO ] Test SIDs: (1) [0]
2023-12-30 12:03:05 [INFO ] Loaded model from out_sleepedf/train\0\best_model.ckpt
2023-12-30 12:03:05 [INFO ] Subject ID: 0
2023-12-30 12:03:05 [INFO ] Load files ./data/sleepedf/sleep-cassette/eeg_fpz_cz\SC4001E0.npz ...
2023-12-30 12:03:05 [INFO ] Load files ./data/sleepedf/sleep-cassette/eeg_fpz_cz\SC4002E0.npz ...
2023-12-30 12:03:05 [INFO ] Test set (n_night_sleeps=2)
2023-12-30 12:03:05 [INFO ] (841, 1, 3000)
2023-12-30 12:03:05 [INFO ] (1127, 1, 3000)
2023-12-30 12:03:05 [INFO ] W: 371
2023-12-30 12:03:05 [INFO ] N1: 117
2023-12-30 12:03:05 [INFO ] N2: 623
2023-12-30 12:03:05 [INFO ] N3: 517
2023-12-30 12:03:05 [INFO ] REM: 340
2023-12-30 12:03:49 [INFO ] Load generated SIDs from sleepedf.txt
2023-12-30 12:03:49 [INFO ] SIDs (20): [ 0  1  2  3  4  5  6  7  8  9 10 11 12 13 14 15 16 17 18 19]
2023-12-30 12:03:49 [INFO ] ------ Fold 1/20 ------
2023-12-30 12:03:49 [INFO ] Test SIDs: (1) [0]
2023-12-30 12:03:51 [INFO ] Loaded model from out_sleepedf/train\0\best_model.ckpt
2023-12-30 12:03:51 [INFO ] Subject ID: 0
2023-12-30 12:03:51 [INFO ] Load files ./data/sleepedf/sleep-cassette/eeg_fpz_cz\SC4001E0.npz ...
2023-12-30 12:03:51 [INFO ] Load files ./data/sleepedf/sleep-cassette/eeg_fpz_cz\SC4002E0.npz ...
2023-12-30 12:03:51 [INFO ] Test set (n_night_sleeps=2)
2023-12-30 12:03:51 [INFO ] (841, 1, 3000)
2023-12-30 12:03:51 [INFO ] (1127, 1, 3000)
2023-12-30 12:03:51 [INFO ] W: 371
2023-12-30 12:03:51 [INFO ] N1: 117
2023-12-30 12:03:51 [INFO ] N2: 623
2023-12-30 12:03:51 [INFO ] N3: 517
2023-12-30 12:03:51 [INFO ] REM: 340
2023-12-30 12:04:56 [INFO ] Load generated SIDs from sleepedf.txt
2023-12-30 12:04:56 [INFO ] SIDs (20): [ 0  1  2  3  4  5  6  7  8  9 10 11 12 13 14 15 16 17 18 19]
2023-12-30 12:04:56 [INFO ] ------ Fold 1/20 ------
2023-12-30 12:04:56 [INFO ] Test SIDs: (1) [0]
2023-12-30 12:04:57 [INFO ] Loaded model from out_sleepedf/train\0\best_model.ckpt
2023-12-30 12:04:57 [INFO ] Subject ID: 0
2023-12-30 12:04:57 [INFO ] Load files ./data/sleepedf/sleep-cassette/eeg_fpz_cz\SC4001E0.npz ...
2023-12-30 12:04:57 [INFO ] Load files ./data/sleepedf/sleep-cassette/eeg_fpz_cz\SC4002E0.npz ...
2023-12-30 12:04:57 [INFO ] Test set (n_night_sleeps=2)
2023-12-30 12:04:57 [INFO ] (841, 1, 3000)
2023-12-30 12:04:57 [INFO ] (1127, 1, 3000)
2023-12-30 12:04:57 [INFO ] W: 371
2023-12-30 12:04:57 [INFO ] N1: 117
2023-12-30 12:04:57 [INFO ] N2: 623
2023-12-30 12:04:57 [INFO ] N3: 517
2023-12-30 12:04:57 [INFO ] REM: 340
2023-12-30 12:05:26 [INFO ] Load generated SIDs from sleepedf.txt
2023-12-30 12:05:26 [INFO ] SIDs (20): [ 0  1  2  3  4  5  6  7  8  9 10 11 12 13 14 15 16 17 18 19]
2023-12-30 12:05:26 [INFO ] ------ Fold 1/20 ------
2023-12-30 12:05:26 [INFO ] Test SIDs: (1) [0]
2023-12-30 12:05:27 [INFO ] Loaded model from out_sleepedf/train\0\best_model.ckpt
2023-12-30 12:05:27 [INFO ] Subject ID: 0
2023-12-30 12:05:27 [INFO ] Load files ./data/sleepedf/sleep-cassette/eeg_fpz_cz\SC4001E0.npz ...
2023-12-30 12:05:27 [INFO ] Load files ./data/sleepedf/sleep-cassette/eeg_fpz_cz\SC4002E0.npz ...
2023-12-30 12:05:27 [INFO ] Test set (n_night_sleeps=2)
2023-12-30 12:05:27 [INFO ] (841, 1, 3000)
2023-12-30 12:05:27 [INFO ] (1127, 1, 3000)
2023-12-30 12:05:27 [INFO ] W: 371
2023-12-30 12:05:27 [INFO ] N1: 117
2023-12-30 12:05:27 [INFO ] N2: 623
2023-12-30 12:05:27 [INFO ] N3: 517
2023-12-30 12:05:27 [INFO ] REM: 340
2023-12-30 12:05:45 [INFO ] Load generated SIDs from sleepedf.txt
2023-12-30 12:05:45 [INFO ] SIDs (20): [ 0  1  2  3  4  5  6  7  8  9 10 11 12 13 14 15 16 17 18 19]
2023-12-30 12:05:45 [INFO ] ------ Fold 1/20 ------
2023-12-30 12:05:45 [INFO ] Test SIDs: (1) [0]
2023-12-30 12:05:46 [INFO ] Loaded model from out_sleepedf/train\0\best_model.ckpt
2023-12-30 12:05:46 [INFO ] Subject ID: 0
2023-12-30 12:05:46 [INFO ] Load files ./data/sleepedf/sleep-cassette/eeg_fpz_cz\SC4001E0.npz ...
2023-12-30 12:05:46 [INFO ] Load files ./data/sleepedf/sleep-cassette/eeg_fpz_cz\SC4002E0.npz ...
2023-12-30 12:05:46 [INFO ] Test set (n_night_sleeps=2)
2023-12-30 12:05:46 [INFO ] (841, 1, 3000)
2023-12-30 12:05:46 [INFO ] (1127, 1, 3000)
2023-12-30 12:05:46 [INFO ] W: 371
2023-12-30 12:05:46 [INFO ] N1: 117
2023-12-30 12:05:46 [INFO ] N2: 623
2023-12-30 12:05:46 [INFO ] N3: 517
2023-12-30 12:05:46 [INFO ] REM: 340
2023-12-30 12:06:17 [INFO ] Load generated SIDs from sleepedf.txt
2023-12-30 12:06:17 [INFO ] SIDs (20): [ 0  1  2  3  4  5  6  7  8  9 10 11 12 13 14 15 16 17 18 19]
2023-12-30 12:06:17 [INFO ] ------ Fold 1/20 ------
2023-12-30 12:06:17 [INFO ] Test SIDs: (1) [0]
2023-12-30 12:06:18 [INFO ] Loaded model from out_sleepedf/train\0\best_model.ckpt
2023-12-30 12:06:18 [INFO ] Subject ID: 0
2023-12-30 12:06:18 [INFO ] Load files ./data/sleepedf/sleep-cassette/eeg_fpz_cz\SC4001E0.npz ...
2023-12-30 12:06:18 [INFO ] Load files ./data/sleepedf/sleep-cassette/eeg_fpz_cz\SC4002E0.npz ...
2023-12-30 12:06:18 [INFO ] Test set (n_night_sleeps=2)
2023-12-30 12:06:18 [INFO ] (841, 1, 3000)
2023-12-30 12:06:18 [INFO ] (1127, 1, 3000)
2023-12-30 12:06:18 [INFO ] W: 371
2023-12-30 12:06:18 [INFO ] N1: 117
2023-12-30 12:06:18 [INFO ] N2: 623
2023-12-30 12:06:18 [INFO ] N3: 517
2023-12-30 12:06:18 [INFO ] REM: 340
2023-12-30 12:07:46 [INFO ] Load generated SIDs from sleepedf.txt
2023-12-30 12:07:46 [INFO ] SIDs (20): [ 0  1  2  3  4  5  6  7  8  9 10 11 12 13 14 15 16 17 18 19]
2023-12-30 12:07:46 [INFO ] ------ Fold 1/20 ------
2023-12-30 12:07:46 [INFO ] Test SIDs: (1) [0]
2023-12-30 12:07:47 [INFO ] Loaded model from out_sleepedf/train\0\best_model.ckpt
2023-12-30 12:07:47 [INFO ] Subject ID: 0
2023-12-30 12:07:47 [INFO ] Load files ./data/sleepedf/sleep-cassette/eeg_fpz_cz\SC4001E0.npz ...
2023-12-30 12:07:47 [INFO ] Load files ./data/sleepedf/sleep-cassette/eeg_fpz_cz\SC4002E0.npz ...
2023-12-30 12:07:47 [INFO ] Test set (n_night_sleeps=2)
2023-12-30 12:07:47 [INFO ] (841, 1, 3000)
2023-12-30 12:07:47 [INFO ] (1127, 1, 3000)
2023-12-30 12:07:47 [INFO ] W: 371
2023-12-30 12:07:47 [INFO ] N1: 117
2023-12-30 12:07:47 [INFO ] N2: 623
2023-12-30 12:07:47 [INFO ] N3: 517
2023-12-30 12:07:47 [INFO ] REM: 340
2023-12-30 12:08:42 [INFO ] Load generated SIDs from sleepedf.txt
2023-12-30 12:08:42 [INFO ] SIDs (20): [ 0  1  2  3  4  5  6  7  8  9 10 11 12 13 14 15 16 17 18 19]
2023-12-30 12:08:42 [INFO ] ------ Fold 1/20 ------
2023-12-30 12:08:42 [INFO ] Test SIDs: (1) [0]
2023-12-30 12:08:43 [INFO ] Loaded model from out_sleepedf/train\0\best_model.ckpt
2023-12-30 12:08:43 [INFO ] Subject ID: 0
2023-12-30 12:08:43 [INFO ] Load files ./data/sleepedf/sleep-cassette/eeg_fpz_cz\SC4001E0.npz ...
2023-12-30 12:08:43 [INFO ] Load files ./data/sleepedf/sleep-cassette/eeg_fpz_cz\SC4002E0.npz ...
2023-12-30 12:08:43 [INFO ] Test set (n_night_sleeps=2)
2023-12-30 12:08:43 [INFO ] (841, 1, 3000)
2023-12-30 12:08:43 [INFO ] (1127, 1, 3000)
2023-12-30 12:08:43 [INFO ] W: 371
2023-12-30 12:08:43 [INFO ] N1: 117
2023-12-30 12:08:43 [INFO ] N2: 623
2023-12-30 12:08:43 [INFO ] N3: 517
2023-12-30 12:08:43 [INFO ] REM: 340
2023-12-30 12:08:59 [INFO ] Load generated SIDs from sleepedf.txt
2023-12-30 12:08:59 [INFO ] SIDs (20): [ 0  1  2  3  4  5  6  7  8  9 10 11 12 13 14 15 16 17 18 19]
2023-12-30 12:08:59 [INFO ] ------ Fold 1/20 ------
2023-12-30 12:08:59 [INFO ] Test SIDs: (1) [0]
2023-12-30 12:09:00 [INFO ] Loaded model from out_sleepedf/train\0\best_model.ckpt
2023-12-30 12:09:00 [INFO ] Subject ID: 0
2023-12-30 12:09:00 [INFO ] Load files ./data/sleepedf/sleep-cassette/eeg_fpz_cz\SC4001E0.npz ...
2023-12-30 12:09:00 [INFO ] Load files ./data/sleepedf/sleep-cassette/eeg_fpz_cz\SC4002E0.npz ...
2023-12-30 12:09:00 [INFO ] Test set (n_night_sleeps=2)
2023-12-30 12:09:00 [INFO ] (841, 1, 3000)
2023-12-30 12:09:00 [INFO ] (1127, 1, 3000)
2023-12-30 12:09:00 [INFO ] W: 371
2023-12-30 12:09:00 [INFO ] N1: 117
2023-12-30 12:09:00 [INFO ] N2: 623
2023-12-30 12:09:00 [INFO ] N3: 517
2023-12-30 12:09:00 [INFO ] REM: 340
2023-12-30 12:09:49 [INFO ] Load generated SIDs from sleepedf.txt
2023-12-30 12:09:49 [INFO ] SIDs (20): [ 0  1  2  3  4  5  6  7  8  9 10 11 12 13 14 15 16 17 18 19]
2023-12-30 12:09:49 [INFO ] ------ Fold 1/20 ------
2023-12-30 12:09:49 [INFO ] Test SIDs: (1) [0]
2023-12-30 12:09:50 [INFO ] Loaded model from out_sleepedf/train\0\best_model.ckpt
2023-12-30 12:09:50 [INFO ] Subject ID: 0
2023-12-30 12:09:50 [INFO ] Load files ./data/sleepedf/sleep-cassette/eeg_fpz_cz\SC4001E0.npz ...
2023-12-30 12:09:50 [INFO ] Load files ./data/sleepedf/sleep-cassette/eeg_fpz_cz\SC4002E0.npz ...
2023-12-30 12:09:50 [INFO ] Test set (n_night_sleeps=2)
2023-12-30 12:09:50 [INFO ] (841, 1, 3000)
2023-12-30 12:09:50 [INFO ] (1127, 1, 3000)
2023-12-30 12:09:50 [INFO ] W: 371
2023-12-30 12:09:50 [INFO ] N1: 117
2023-12-30 12:09:50 [INFO ] N2: 623
2023-12-30 12:09:50 [INFO ] N3: 517
2023-12-30 12:09:50 [INFO ] REM: 340
2023-12-30 12:09:56 [INFO ] Saved outputs to out_sleepedf/predict\pred_SC4001E0.npz
2023-12-30 12:09:59 [INFO ] Saved outputs to out_sleepedf/predict\pred_SC4002E0.npz
2023-12-30 12:09:59 [INFO ] n=1968, acc=36.7, mf1=18.1
2023-12-30 12:09:59 [INFO ] >> Confusion Matrix
2023-12-30 12:09:59 [INFO ] [[  0   0 334   0  37]
 [  0   0  88   0  29]
 [  0   0 623   0   0]
 [  0   0 517   0   0]
 [  0   0 241   0  99]]
2023-12-30 12:09:59 [INFO ] ------------------------
2023-12-30 12:09:59 [INFO ] 
2023-12-30 12:09:59 [INFO ] ------ Fold 2/20 ------
2023-12-30 12:09:59 [INFO ] Test SIDs: (1) [1]
2023-12-30 12:09:59 [INFO ] Loaded model from out_sleepedf/train\1\best_model.ckpt
2023-12-30 12:09:59 [INFO ] Subject ID: 1
2023-12-30 12:09:59 [INFO ] Load files ./data/sleepedf/sleep-cassette/eeg_fpz_cz\SC4011E0.npz ...
2023-12-30 12:09:59 [INFO ] Load files ./data/sleepedf/sleep-cassette/eeg_fpz_cz\SC4012E0.npz ...
2023-12-30 12:10:00 [INFO ] Test set (n_night_sleeps=2)
2023-12-30 12:10:00 [INFO ] (1103, 1, 3000)
2023-12-30 12:10:00 [INFO ] (2265, 1, 3000)
2023-12-30 12:10:00 [INFO ] W: 1398
2023-12-30 12:10:00 [INFO ] N1: 201
2023-12-30 12:10:00 [INFO ] N2: 1222
2023-12-30 12:10:00 [INFO ] N3: 201
2023-12-30 12:10:00 [INFO ] REM: 346
2023-12-30 12:10:04 [INFO ] Saved outputs to out_sleepedf/predict\pred_SC4011E0.npz
2023-12-30 12:10:16 [INFO ] Load generated SIDs from sleepedf.txt
2023-12-30 12:10:16 [INFO ] SIDs (20): [ 0  1  2  3  4  5  6  7  8  9 10 11 12 13 14 15 16 17 18 19]
2023-12-30 12:10:16 [INFO ] ------ Fold 1/20 ------
2023-12-30 12:10:16 [INFO ] Test SIDs: (1) [0]
2023-12-30 12:10:17 [INFO ] Loaded model from out_sleepedf/train\0\best_model.ckpt
2023-12-30 12:10:17 [INFO ] Subject ID: 0
2023-12-30 12:10:17 [INFO ] Load files ./data/sleepedf/sleep-cassette/eeg_fpz_cz\SC4001E0.npz ...
2023-12-30 12:10:17 [INFO ] Load files ./data/sleepedf/sleep-cassette/eeg_fpz_cz\SC4002E0.npz ...
2023-12-30 12:10:17 [INFO ] Test set (n_night_sleeps=2)
2023-12-30 12:10:17 [INFO ] (841, 1, 3000)
2023-12-30 12:10:17 [INFO ] (1127, 1, 3000)
2023-12-30 12:10:17 [INFO ] W: 371
2023-12-30 12:10:17 [INFO ] N1: 117
2023-12-30 12:10:17 [INFO ] N2: 623
2023-12-30 12:10:17 [INFO ] N3: 517
2023-12-30 12:10:17 [INFO ] REM: 340
2023-12-30 12:10:23 [INFO ] Saved outputs to out_sleepedf/predict\pred_SC4001E0.npz
2023-12-30 12:10:24 [INFO ] Saved outputs to out_sleepedf/predict\pred_SC4002E0.npz
2023-12-30 12:10:24 [INFO ] n=1968, acc=36.7, mf1=18.1
2023-12-30 12:10:24 [INFO ] >> Confusion Matrix
2023-12-30 12:10:24 [INFO ] [[  0   0 334   0  37]
 [  0   0  88   0  29]
 [  0   0 623   0   0]
 [  0   0 517   0   0]
 [  0   0 241   0  99]]
2023-12-30 12:10:24 [INFO ] ------------------------
2023-12-30 12:10:24 [INFO ] 
2023-12-30 12:10:24 [INFO ] ------ Fold 2/20 ------
2023-12-30 12:10:24 [INFO ] Test SIDs: (1) [1]
2023-12-30 12:10:24 [INFO ] Loaded model from out_sleepedf/train\1\best_model.ckpt
2023-12-30 12:10:24 [INFO ] Subject ID: 1
2023-12-30 12:10:24 [INFO ] Load files ./data/sleepedf/sleep-cassette/eeg_fpz_cz\SC4011E0.npz ...
2023-12-30 12:10:24 [INFO ] Load files ./data/sleepedf/sleep-cassette/eeg_fpz_cz\SC4012E0.npz ...
2023-12-30 12:10:25 [INFO ] Test set (n_night_sleeps=2)
2023-12-30 12:10:25 [INFO ] (1103, 1, 3000)
2023-12-30 12:10:25 [INFO ] (2265, 1, 3000)
2023-12-30 12:10:25 [INFO ] W: 1398
2023-12-30 12:10:25 [INFO ] N1: 201
2023-12-30 12:10:25 [INFO ] N2: 1222
2023-12-30 12:10:25 [INFO ] N3: 201
2023-12-30 12:10:25 [INFO ] REM: 346
2023-12-30 12:10:26 [INFO ] Saved outputs to out_sleepedf/predict\pred_SC4011E0.npz
2023-12-30 12:10:30 [INFO ] Saved outputs to out_sleepedf/predict\pred_SC4012E0.npz
2023-12-30 12:10:30 [INFO ] n=3368, acc=62.4, mf1=28.3
2023-12-30 12:10:30 [INFO ] >> Confusion Matrix
2023-12-30 12:10:30 [INFO ] [[ 887    0  507    0    4]
 [  79    0  116    0    6]
 [   8    0 1214    0    0]
 [   0    0  201    0    0]
 [  40    0  306    0    0]]
2023-12-30 12:10:30 [INFO ] ------------------------
2023-12-30 12:10:30 [INFO ] 
2023-12-30 12:10:30 [INFO ] ------ Fold 3/20 ------
2023-12-30 12:10:30 [INFO ] Test SIDs: (1) [2]
2023-12-30 12:10:30 [INFO ] Loaded model from out_sleepedf/train\2\best_model.ckpt
2023-12-30 12:10:30 [INFO ] Subject ID: 2
2023-12-30 12:10:30 [INFO ] Load files ./data/sleepedf/sleep-cassette/eeg_fpz_cz\SC4021E0.npz ...
2023-12-30 12:10:30 [INFO ] Load files ./data/sleepedf/sleep-cassette/eeg_fpz_cz\SC4022E0.npz ...
2023-12-30 12:10:30 [INFO ] Test set (n_night_sleeps=2)
2023-12-30 12:10:30 [INFO ] (1025, 1, 3000)
2023-12-30 12:10:30 [INFO ] (1009, 1, 3000)
2023-12-30 12:10:30 [INFO ] W: 253
2023-12-30 12:10:30 [INFO ] N1: 278
2023-12-30 12:10:30 [INFO ] N2: 947
2023-12-30 12:10:30 [INFO ] N3: 214
2023-12-30 12:10:30 [INFO ] REM: 342
2023-12-30 12:10:32 [INFO ] Saved outputs to out_sleepedf/predict\pred_SC4021E0.npz
2023-12-30 12:10:34 [INFO ] Saved outputs to out_sleepedf/predict\pred_SC4022E0.npz
2023-12-30 12:10:34 [INFO ] n=2034, acc=50.4, mf1=28.7
2023-12-30 12:10:34 [INFO ] >> Confusion Matrix
2023-12-30 12:10:34 [INFO ] [[251   0   1   0   1]
 [194   0  57   0  27]
 [214   0 712   0  21]
 [ 90   0 124   0   0]
 [191   0  88   0  63]]
2023-12-30 12:10:34 [INFO ] ------------------------
2023-12-30 12:10:34 [INFO ] 
2023-12-30 12:10:34 [INFO ] ------ Fold 4/20 ------
2023-12-30 12:10:34 [INFO ] Test SIDs: (1) [3]
2023-12-30 12:10:34 [INFO ] Loaded model from out_sleepedf/train\3\best_model.ckpt
2023-12-30 12:10:34 [INFO ] Subject ID: 3
2023-12-30 12:10:34 [INFO ] Load files ./data/sleepedf/sleep-cassette/eeg_fpz_cz\SC4031E0.npz ...
2023-12-30 12:10:34 [INFO ] Load files ./data/sleepedf/sleep-cassette/eeg_fpz_cz\SC4032E0.npz ...
2023-12-30 12:10:34 [INFO ] Test set (n_night_sleeps=2)
2023-12-30 12:10:34 [INFO ] (952, 1, 3000)
2023-12-30 12:10:34 [INFO ] (911, 1, 3000)
2023-12-30 12:10:34 [INFO ] W: 276
2023-12-30 12:10:34 [INFO ] N1: 106
2023-12-30 12:10:34 [INFO ] N2: 885
2023-12-30 12:10:34 [INFO ] N3: 188
2023-12-30 12:10:34 [INFO ] REM: 408
2023-12-30 12:10:36 [INFO ] Saved outputs to out_sleepedf/predict\pred_SC4031E0.npz
2023-12-30 12:10:37 [INFO ] Saved outputs to out_sleepedf/predict\pred_SC4032E0.npz
2023-12-30 12:10:37 [INFO ] n=1863, acc=71.9, mf1=44.9
2023-12-30 12:10:37 [INFO ] >> Confusion Matrix
2023-12-30 12:10:37 [INFO ] [[211   0   1   0  64]
 [ 12   0  20   0  74]
 [ 41   0 797   4  43]
 [109   0  75   4   0]
 [ 40   0  40   0 328]]
2023-12-30 12:10:37 [INFO ] ------------------------
2023-12-30 12:10:37 [INFO ] 
2023-12-30 12:10:37 [INFO ] ------ Fold 5/20 ------
2023-12-30 12:10:37 [INFO ] Test SIDs: (1) [4]
2023-12-30 12:10:37 [INFO ] Loaded model from out_sleepedf/train\4\best_model.ckpt
2023-12-30 12:10:37 [INFO ] Subject ID: 4
2023-12-30 12:10:37 [INFO ] Load files ./data/sleepedf/sleep-cassette/eeg_fpz_cz\SC4041E0.npz ...
2023-12-30 12:10:37 [INFO ] Load files ./data/sleepedf/sleep-cassette/eeg_fpz_cz\SC4042E0.npz ...
2023-12-30 12:10:37 [INFO ] Test set (n_night_sleeps=2)
2023-12-30 12:10:37 [INFO ] (1235, 1, 3000)
2023-12-30 12:10:37 [INFO ] (1200, 1, 3000)
2023-12-30 12:10:37 [INFO ] W: 385
2023-12-30 12:10:37 [INFO ] N1: 303
2023-12-30 12:10:37 [INFO ] N2: 1134
2023-12-30 12:10:37 [INFO ] N3: 147
2023-12-30 12:10:37 [INFO ] REM: 466
2023-12-30 12:10:40 [INFO ] Saved outputs to out_sleepedf/predict\pred_SC4041E0.npz
2023-12-30 12:10:42 [INFO ] Saved outputs to out_sleepedf/predict\pred_SC4042E0.npz
2023-12-30 12:10:42 [INFO ] n=2435, acc=44.2, mf1=21.9
2023-12-30 12:10:42 [INFO ] >> Confusion Matrix
2023-12-30 12:10:42 [INFO ] [[385   0   0   0   0]
 [275   0  28   0   0]
 [442   0 692   0   0]
 [145   0   2   0   0]
 [366   0 100   0   0]]
2023-12-30 12:10:42 [INFO ] ------------------------
2023-12-30 12:10:42 [INFO ] 
2023-12-30 12:10:42 [INFO ] ------ Fold 6/20 ------
2023-12-30 12:10:42 [INFO ] Test SIDs: (1) [5]
2023-12-30 12:10:42 [INFO ] Loaded model from out_sleepedf/train\5\best_model.ckpt
2023-12-30 12:10:42 [INFO ] Subject ID: 5
2023-12-30 12:10:42 [INFO ] Load files ./data/sleepedf/sleep-cassette/eeg_fpz_cz\SC4051E0.npz ...
2023-12-30 12:10:42 [INFO ] Load files ./data/sleepedf/sleep-cassette/eeg_fpz_cz\SC4052E0.npz ...
2023-12-30 12:10:42 [INFO ] Test set (n_night_sleeps=2)
2023-12-30 12:10:42 [INFO ] (672, 1, 3000)
2023-12-30 12:10:42 [INFO ] (1246, 1, 3000)
2023-12-30 12:10:42 [INFO ] W: 430
2023-12-30 12:10:42 [INFO ] N1: 158
2023-12-30 12:10:42 [INFO ] N2: 833
2023-12-30 12:10:42 [INFO ] N3: 249
2023-12-30 12:10:42 [INFO ] REM: 248
2023-12-30 12:10:43 [INFO ] Saved outputs to out_sleepedf/predict\pred_SC4051E0.npz
2023-12-30 12:10:46 [INFO ] Saved outputs to out_sleepedf/predict\pred_SC4052E0.npz
2023-12-30 12:10:46 [INFO ] n=1918, acc=43.4, mf1=12.1
2023-12-30 12:10:46 [INFO ] >> Confusion Matrix
2023-12-30 12:10:46 [INFO ] [[  0   0 430   0   0]
 [  0   0 158   0   0]
 [  0   0 833   0   0]
 [  0   0 249   0   0]
 [  0   0 248   0   0]]
2023-12-30 12:10:46 [INFO ] ------------------------
2023-12-30 12:10:46 [INFO ] 
2023-12-30 12:10:46 [INFO ] ------ Fold 7/20 ------
2023-12-30 12:10:46 [INFO ] Test SIDs: (1) [6]
2023-12-30 12:10:46 [INFO ] Loaded model from out_sleepedf/train\6\best_model.ckpt
2023-12-30 12:10:46 [INFO ] Subject ID: 6
2023-12-30 12:10:46 [INFO ] Load files ./data/sleepedf/sleep-cassette/eeg_fpz_cz\SC4061E0.npz ...
2023-12-30 12:10:46 [INFO ] Load files ./data/sleepedf/sleep-cassette/eeg_fpz_cz\SC4062E0.npz ...
2023-12-30 12:10:46 [INFO ] Test set (n_night_sleeps=2)
2023-12-30 12:10:46 [INFO ] (843, 1, 3000)
2023-12-30 12:10:46 [INFO ] (1016, 1, 3000)
2023-12-30 12:10:46 [INFO ] W: 335
2023-12-30 12:10:46 [INFO ] N1: 146
2023-12-30 12:10:46 [INFO ] N2: 824
2023-12-30 12:10:46 [INFO ] N3: 265
2023-12-30 12:10:46 [INFO ] REM: 289
2023-12-30 12:10:48 [INFO ] Saved outputs to out_sleepedf/predict\pred_SC4061E0.npz
2023-12-30 12:10:50 [INFO ] Saved outputs to out_sleepedf/predict\pred_SC4062E0.npz
2023-12-30 12:10:50 [INFO ] n=1859, acc=18.0, mf1=6.1
2023-12-30 12:10:50 [INFO ] >> Confusion Matrix
2023-12-30 12:10:50 [INFO ] [[335   0   0   0   0]
 [146   0   0   0   0]
 [824   0   0   0   0]
 [265   0   0   0   0]
 [289   0   0   0   0]]
2023-12-30 12:10:50 [INFO ] ------------------------
2023-12-30 12:10:50 [INFO ] 
2023-12-30 12:10:50 [INFO ] ------ Fold 8/20 ------
2023-12-30 12:10:50 [INFO ] Test SIDs: (1) [7]
2023-12-30 12:10:50 [INFO ] Loaded model from out_sleepedf/train\7\best_model.ckpt
2023-12-30 12:10:50 [INFO ] Subject ID: 7
2023-12-30 12:10:50 [INFO ] Load files ./data/sleepedf/sleep-cassette/eeg_fpz_cz\SC4071E0.npz ...
2023-12-30 12:10:50 [INFO ] Load files ./data/sleepedf/sleep-cassette/eeg_fpz_cz\SC4072E0.npz ...
2023-12-30 12:10:50 [INFO ] Test set (n_night_sleeps=2)
2023-12-30 12:10:50 [INFO ] (976, 1, 3000)
2023-12-30 12:10:50 [INFO ] (1273, 1, 3000)
2023-12-30 12:10:50 [INFO ] W: 531
2023-12-30 12:10:50 [INFO ] N1: 173
2023-12-30 12:10:50 [INFO ] N2: 795
2023-12-30 12:10:50 [INFO ] N3: 384
2023-12-30 12:10:50 [INFO ] REM: 366
2023-12-30 12:10:52 [INFO ] Saved outputs to out_sleepedf/predict\pred_SC4071E0.npz
2023-12-30 12:10:55 [INFO ] Saved outputs to out_sleepedf/predict\pred_SC4072E0.npz
2023-12-30 12:10:55 [INFO ] n=2249, acc=38.4, mf1=15.2
2023-12-30 12:10:55 [INFO ] >> Confusion Matrix
2023-12-30 12:10:55 [INFO ] [[ 69   0 462   0   0]
 [ 14   0 159   0   0]
 [  1   0 794   0   0]
 [ 10   0 374   0   0]
 [  0   0 366   0   0]]
2023-12-30 12:10:55 [INFO ] ------------------------
2023-12-30 12:10:55 [INFO ] 
2023-12-30 12:10:55 [INFO ] ------ Fold 9/20 ------
2023-12-30 12:10:55 [INFO ] Test SIDs: (1) [8]
2023-12-30 12:10:55 [INFO ] Loaded model from out_sleepedf/train\8\best_model.ckpt
2023-12-30 12:10:55 [INFO ] Subject ID: 8
2023-12-30 12:10:55 [INFO ] Load files ./data/sleepedf/sleep-cassette/eeg_fpz_cz\SC4081E0.npz ...
2023-12-30 12:10:55 [INFO ] Load files ./data/sleepedf/sleep-cassette/eeg_fpz_cz\SC4082E0.npz ...
2023-12-30 12:10:55 [INFO ] Test set (n_night_sleeps=2)
2023-12-30 12:10:55 [INFO ] (1134, 1, 3000)
2023-12-30 12:10:55 [INFO ] (1054, 1, 3000)
2023-12-30 12:10:55 [INFO ] W: 467
2023-12-30 12:10:55 [INFO ] N1: 107
2023-12-30 12:10:55 [INFO ] N2: 591
2023-12-30 12:10:55 [INFO ] N3: 632
2023-12-30 12:10:55 [INFO ] REM: 391
2023-12-30 12:10:57 [INFO ] Saved outputs to out_sleepedf/predict\pred_SC4081E0.npz
2023-12-30 12:10:59 [INFO ] Saved outputs to out_sleepedf/predict\pred_SC4082E0.npz
2023-12-30 12:10:59 [INFO ] n=2188, acc=26.5, mf1=15.8
2023-12-30 12:10:59 [INFO ] >> Confusion Matrix
2023-12-30 12:10:59 [INFO ] [[432   0  13   0  22]
 [ 60   0  17   0  30]
 [480   0 111   0   0]
 [631   0   1   0   0]
 [268   0  87   0  36]]
2023-12-30 12:10:59 [INFO ] ------------------------
2023-12-30 12:10:59 [INFO ] 
2023-12-30 12:10:59 [INFO ] ------ Fold 10/20 ------
2023-12-30 12:10:59 [INFO ] Test SIDs: (1) [9]
2023-12-30 12:10:59 [INFO ] Loaded model from out_sleepedf/train\9\best_model.ckpt
2023-12-30 12:10:59 [INFO ] Subject ID: 9
2023-12-30 12:10:59 [INFO ] Load files ./data/sleepedf/sleep-cassette/eeg_fpz_cz\SC4091E0.npz ...
2023-12-30 12:10:59 [INFO ] Load files ./data/sleepedf/sleep-cassette/eeg_fpz_cz\SC4092E0.npz ...
2023-12-30 12:10:59 [INFO ] Test set (n_night_sleeps=2)
2023-12-30 12:10:59 [INFO ] (1132, 1, 3000)
2023-12-30 12:10:59 [INFO ] (1207, 1, 3000)
2023-12-30 12:10:59 [INFO ] W: 392
2023-12-30 12:10:59 [INFO ] N1: 100
2023-12-30 12:10:59 [INFO ] N2: 1073
2023-12-30 12:10:59 [INFO ] N3: 277
2023-12-30 12:10:59 [INFO ] REM: 497
2023-12-30 12:11:01 [INFO ] Saved outputs to out_sleepedf/predict\pred_SC4091E0.npz
2023-12-30 12:11:04 [INFO ] Saved outputs to out_sleepedf/predict\pred_SC4092E0.npz
2023-12-30 12:11:04 [INFO ] n=2339, acc=58.3, mf1=27.9
2023-12-30 12:11:04 [INFO ] >> Confusion Matrix
2023-12-30 12:11:04 [INFO ] [[388   0   4   0   0]
 [ 61   0  39   0   0]
 [ 97   0 976   0   0]
 [166   0 111   0   0]
 [111   0 386   0   0]]
2023-12-30 12:11:04 [INFO ] ------------------------
2023-12-30 12:11:04 [INFO ] 
2023-12-30 12:11:04 [INFO ] ------ Fold 11/20 ------
2023-12-30 12:11:04 [INFO ] Test SIDs: (1) [10]
2023-12-30 12:11:04 [INFO ] Loaded model from out_sleepedf/train\10\best_model.ckpt
2023-12-30 12:11:04 [INFO ] Subject ID: 10
2023-12-30 12:11:04 [INFO ] Load files ./data/sleepedf/sleep-cassette/eeg_fpz_cz\SC4101E0.npz ...
2023-12-30 12:11:04 [INFO ] Load files ./data/sleepedf/sleep-cassette/eeg_fpz_cz\SC4102E0.npz ...
2023-12-30 12:11:04 [INFO ] Test set (n_night_sleeps=2)
2023-12-30 12:11:04 [INFO ] (1104, 1, 3000)
2023-12-30 12:11:04 [INFO ] (1092, 1, 3000)
2023-12-30 12:11:04 [INFO ] W: 299
2023-12-30 12:11:04 [INFO ] N1: 182
2023-12-30 12:11:04 [INFO ] N2: 1278
2023-12-30 12:11:04 [INFO ] N3: 31
2023-12-30 12:11:04 [INFO ] REM: 406
2023-12-30 12:11:08 [INFO ] Saved outputs to out_sleepedf/predict\pred_SC4101E0.npz
2023-12-30 12:11:11 [INFO ] Saved outputs to out_sleepedf/predict\pred_SC4102E0.npz
2023-12-30 12:11:11 [INFO ] n=2196, acc=68.7, mf1=34.2
2023-12-30 12:11:11 [INFO ] >> Confusion Matrix
2023-12-30 12:11:11 [INFO ] [[  91    0  143    0   65]
 [   7    0   34    0  141]
 [   7    0 1216    0   55]
 [   0    0   31    0    0]
 [  59    0  146    0  201]]
2023-12-30 12:11:11 [INFO ] ------------------------
2023-12-30 12:11:11 [INFO ] 
2023-12-30 12:11:11 [INFO ] ------ Fold 12/20 ------
2023-12-30 12:11:11 [INFO ] Test SIDs: (1) [11]
2023-12-30 12:11:11 [INFO ] Loaded model from out_sleepedf/train\11\best_model.ckpt
2023-12-30 12:11:11 [INFO ] Subject ID: 11
2023-12-30 12:11:11 [INFO ] Load files ./data/sleepedf/sleep-cassette/eeg_fpz_cz\SC4111E0.npz ...
2023-12-30 12:11:11 [INFO ] Load files ./data/sleepedf/sleep-cassette/eeg_fpz_cz\SC4112E0.npz ...
2023-12-30 12:11:11 [INFO ] Test set (n_night_sleeps=2)
2023-12-30 12:11:11 [INFO ] (928, 1, 3000)
2023-12-30 12:11:11 [INFO ] (802, 1, 3000)
2023-12-30 12:11:11 [INFO ] W: 252
2023-12-30 12:11:11 [INFO ] N1: 31
2023-12-30 12:11:11 [INFO ] N2: 898
2023-12-30 12:11:11 [INFO ] N3: 240
2023-12-30 12:11:11 [INFO ] REM: 309
2023-12-30 12:11:14 [INFO ] Saved outputs to out_sleepedf/predict\pred_SC4111E0.npz
2023-12-30 12:11:17 [INFO ] Saved outputs to out_sleepedf/predict\pred_SC4112E0.npz
2023-12-30 12:11:17 [INFO ] n=1730, acc=42.9, mf1=20.2
2023-12-30 12:11:17 [INFO ] >> Confusion Matrix
2023-12-30 12:11:17 [INFO ] [[244   0   8   0   0]
 [  9   0  22   0   0]
 [400   0 498   0   0]
 [222   0  18   0   0]
 [136   0 172   0   1]]
2023-12-30 12:11:17 [INFO ] ------------------------
2023-12-30 12:11:17 [INFO ] 
2023-12-30 12:11:17 [INFO ] ------ Fold 13/20 ------
2023-12-30 12:11:17 [INFO ] Test SIDs: (1) [12]
2023-12-30 12:11:17 [INFO ] Loaded model from out_sleepedf/train\12\best_model.ckpt
2023-12-30 12:11:17 [INFO ] Subject ID: 12
2023-12-30 12:11:17 [INFO ] Load files ./data/sleepedf/sleep-cassette/eeg_fpz_cz\SC4121E0.npz ...
2023-12-30 12:11:17 [INFO ] Load files ./data/sleepedf/sleep-cassette/eeg_fpz_cz\SC4122E0.npz ...
2023-12-30 12:11:17 [INFO ] Test set (n_night_sleeps=2)
2023-12-30 12:11:17 [INFO ] (1783, 1, 3000)
2023-12-30 12:11:17 [INFO ] (977, 1, 3000)
2023-12-30 12:11:17 [INFO ] W: 1197
2023-12-30 12:11:17 [INFO ] N1: 169
2023-12-30 12:11:17 [INFO ] N2: 750
2023-12-30 12:11:17 [INFO ] N3: 187
2023-12-30 12:11:17 [INFO ] REM: 457
2023-12-30 12:11:22 [INFO ] Saved outputs to out_sleepedf/predict\pred_SC4121E0.npz
2023-12-30 12:11:25 [INFO ] Saved outputs to out_sleepedf/predict\pred_SC4122E0.npz
2023-12-30 12:11:25 [INFO ] n=2760, acc=49.5, mf1=23.8
2023-12-30 12:11:25 [INFO ] >> Confusion Matrix
2023-12-30 12:11:25 [INFO ] [[617   0 580   0   0]
 [  1   0 168   0   0]
 [  1   0 749   0   0]
 [ 23   0 164   0   0]
 [ 12   0 445   0   0]]
2023-12-30 12:11:25 [INFO ] ------------------------
2023-12-30 12:11:25 [INFO ] 
2023-12-30 12:11:25 [INFO ] ------ Fold 14/20 ------
2023-12-30 12:11:25 [INFO ] Test SIDs: (1) [13]
2023-12-30 12:11:25 [INFO ] Loaded model from out_sleepedf/train\13\best_model.ckpt
2023-12-30 12:11:25 [INFO ] Subject ID: 13
2023-12-30 12:11:25 [INFO ] Load files ./data/sleepedf/sleep-cassette/eeg_fpz_cz\SC4131E0.npz ...
2023-12-30 12:11:25 [INFO ] Test set (n_night_sleeps=1)
2023-12-30 12:11:25 [INFO ] (1028, 1, 3000)
2023-12-30 12:11:25 [INFO ] W: 155
2023-12-30 12:11:25 [INFO ] N1: 57
2023-12-30 12:11:25 [INFO ] N2: 497
2023-12-30 12:11:25 [INFO ] N3: 147
2023-12-30 12:11:25 [INFO ] REM: 172
2023-12-30 12:11:29 [INFO ] Saved outputs to out_sleepedf/predict\pred_SC4131E0.npz
2023-12-30 12:11:29 [INFO ] n=1028, acc=64.6, mf1=39.4
2023-12-30 12:11:29 [INFO ] >> Confusion Matrix
2023-12-30 12:11:29 [INFO ] [[153   0   1   0   1]
 [ 37   0  12   0   8]
 [ 20   0 455   0  22]
 [  2   0 121   0  24]
 [ 12   0 104   0  56]]
2023-12-30 12:11:29 [INFO ] ------------------------
2023-12-30 12:11:29 [INFO ] 
2023-12-30 12:11:29 [INFO ] ------ Fold 15/20 ------
2023-12-30 12:11:29 [INFO ] Test SIDs: (1) [14]
2023-12-30 12:11:29 [INFO ] Loaded model from out_sleepedf/train\14\best_model.ckpt
2023-12-30 12:11:29 [INFO ] Subject ID: 14
2023-12-30 12:11:29 [INFO ] Load files ./data/sleepedf/sleep-cassette/eeg_fpz_cz\SC4141E0.npz ...
2023-12-30 12:11:29 [INFO ] Load files ./data/sleepedf/sleep-cassette/eeg_fpz_cz\SC4142E0.npz ...
2023-12-30 12:11:30 [INFO ] Test set (n_night_sleeps=2)
2023-12-30 12:11:30 [INFO ] (1004, 1, 3000)
2023-12-30 12:11:30 [INFO ] (952, 1, 3000)
2023-12-30 12:11:30 [INFO ] W: 368
2023-12-30 12:11:30 [INFO ] N1: 56
2023-12-30 12:11:30 [INFO ] N2: 790
2023-12-30 12:11:30 [INFO ] N3: 296
2023-12-30 12:11:30 [INFO ] REM: 446
2023-12-30 12:11:32 [INFO ] Saved outputs to out_sleepedf/predict\pred_SC4141E0.npz
2023-12-30 12:11:36 [INFO ] Saved outputs to out_sleepedf/predict\pred_SC4142E0.npz
2023-12-30 12:11:36 [INFO ] n=1956, acc=57.3, mf1=30.5
2023-12-30 12:11:36 [INFO ] >> Confusion Matrix
2023-12-30 12:11:36 [INFO ] [[342   0  26   0   0]
 [ 16   0  40   0   0]
 [ 12   0 778   0   0]
 [  5   0 291   0   0]
 [ 57   0 389   0   0]]
2023-12-30 12:11:36 [INFO ] ------------------------
2023-12-30 12:11:36 [INFO ] 
2023-12-30 12:11:36 [INFO ] ------ Fold 16/20 ------
2023-12-30 12:11:36 [INFO ] Test SIDs: (1) [15]
2023-12-30 12:11:36 [INFO ] Loaded model from out_sleepedf/train\15\best_model.ckpt
2023-12-30 12:11:36 [INFO ] Subject ID: 15
2023-12-30 12:11:36 [INFO ] Load files ./data/sleepedf/sleep-cassette/eeg_fpz_cz\SC4151E0.npz ...
2023-12-30 12:11:36 [INFO ] Load files ./data/sleepedf/sleep-cassette/eeg_fpz_cz\SC4152E0.npz ...
2023-12-30 12:11:36 [INFO ] Test set (n_night_sleeps=2)
2023-12-30 12:11:36 [INFO ] (952, 1, 3000)
2023-12-30 12:11:36 [INFO ] (1762, 1, 3000)
2023-12-30 12:11:36 [INFO ] W: 979
2023-12-30 12:11:36 [INFO ] N1: 88
2023-12-30 12:11:36 [INFO ] N2: 792
2023-12-30 12:11:36 [INFO ] N3: 355
2023-12-30 12:11:36 [INFO ] REM: 500
2023-12-30 12:11:40 [INFO ] Saved outputs to out_sleepedf/predict\pred_SC4151E0.npz
2023-12-30 12:11:47 [INFO ] Saved outputs to out_sleepedf/predict\pred_SC4152E0.npz
2023-12-30 12:11:47 [INFO ] n=2714, acc=61.2, mf1=29.9
2023-12-30 12:11:47 [INFO ] >> Confusion Matrix
2023-12-30 12:11:47 [INFO ] [[892   0  84   0   3]
 [ 25   0  58   0   5]
 [ 23   0 768   0   1]
 [155   0 200   0   0]
 [ 27   0 473   0   0]]
2023-12-30 12:11:47 [INFO ] ------------------------
2023-12-30 12:11:47 [INFO ] 
2023-12-30 12:11:47 [INFO ] ------ Fold 17/20 ------
2023-12-30 12:11:47 [INFO ] Test SIDs: (1) [16]
2023-12-30 12:11:47 [INFO ] Loaded model from out_sleepedf/train\16\best_model.ckpt
2023-12-30 12:11:47 [INFO ] Subject ID: 16
2023-12-30 12:11:47 [INFO ] Load files ./data/sleepedf/sleep-cassette/eeg_fpz_cz\SC4161E0.npz ...
2023-12-30 12:11:47 [INFO ] Load files ./data/sleepedf/sleep-cassette/eeg_fpz_cz\SC4162E0.npz ...
2023-12-30 12:11:47 [INFO ] Test set (n_night_sleeps=2)
2023-12-30 12:11:47 [INFO ] (1144, 1, 3000)
2023-12-30 12:11:47 [INFO ] (1003, 1, 3000)
2023-12-30 12:11:47 [INFO ] W: 395
2023-12-30 12:11:47 [INFO ] N1: 97
2023-12-30 12:11:47 [INFO ] N2: 907
2023-12-30 12:11:47 [INFO ] N3: 293
2023-12-30 12:11:47 [INFO ] REM: 455
2023-12-30 12:11:51 [INFO ] Saved outputs to out_sleepedf/predict\pred_SC4161E0.npz
2023-12-30 12:11:55 [INFO ] Saved outputs to out_sleepedf/predict\pred_SC4162E0.npz
2023-12-30 12:11:55 [INFO ] n=2147, acc=42.2, mf1=11.9
2023-12-30 12:11:55 [INFO ] >> Confusion Matrix
2023-12-30 12:11:55 [INFO ] [[  0   0 395   0   0]
 [  0   0  97   0   0]
 [  0   0 907   0   0]
 [  0   0 293   0   0]
 [  0   0 455   0   0]]
2023-12-30 12:11:55 [INFO ] ------------------------
2023-12-30 12:11:55 [INFO ] 
2023-12-30 12:11:55 [INFO ] ------ Fold 18/20 ------
2023-12-30 12:11:55 [INFO ] Test SIDs: (1) [17]
2023-12-30 12:11:55 [INFO ] Loaded model from out_sleepedf/train\17\best_model.ckpt
2023-12-30 12:11:55 [INFO ] Subject ID: 17
2023-12-30 12:11:55 [INFO ] Load files ./data/sleepedf/sleep-cassette/eeg_fpz_cz\SC4171E0.npz ...
2023-12-30 12:11:55 [INFO ] Load files ./data/sleepedf/sleep-cassette/eeg_fpz_cz\SC4172E0.npz ...
2023-12-30 12:11:55 [INFO ] Test set (n_night_sleeps=2)
2023-12-30 12:11:55 [INFO ] (1002, 1, 3000)
2023-12-30 12:11:55 [INFO ] (1773, 1, 3000)
2023-12-30 12:11:55 [INFO ] W: 865
2023-12-30 12:11:55 [INFO ] N1: 65
2023-12-30 12:11:55 [INFO ] N2: 1015
2023-12-30 12:11:55 [INFO ] N3: 403
2023-12-30 12:11:55 [INFO ] REM: 427
2023-12-30 12:11:59 [INFO ] Saved outputs to out_sleepedf/predict\pred_SC4171E0.npz
2023-12-30 12:12:06 [INFO ] Saved outputs to out_sleepedf/predict\pred_SC4172E0.npz
2023-12-30 12:12:06 [INFO ] n=2775, acc=38.3, mf1=13.1
2023-12-30 12:12:06 [INFO ] >> Confusion Matrix
2023-12-30 12:12:06 [INFO ] [[  53    0  812    0    0]
 [   1    0   64    0    0]
 [   4    0 1011    0    0]
 [  26    0  377    0    0]
 [   0    0  427    0    0]]
2023-12-30 12:12:06 [INFO ] ------------------------
2023-12-30 12:12:06 [INFO ] 
2023-12-30 12:12:06 [INFO ] ------ Fold 19/20 ------
2023-12-30 12:12:06 [INFO ] Test SIDs: (1) [18]
2023-12-30 12:12:06 [INFO ] Loaded model from out_sleepedf/train\18\best_model.ckpt
2023-12-30 12:12:06 [INFO ] Subject ID: 18
2023-12-30 12:12:06 [INFO ] Load files ./data/sleepedf/sleep-cassette/eeg_fpz_cz\SC4181E0.npz ...
2023-12-30 12:12:06 [INFO ] Load files ./data/sleepedf/sleep-cassette/eeg_fpz_cz\SC4182E0.npz ...
2023-12-30 12:12:06 [INFO ] Test set (n_night_sleeps=2)
2023-12-30 12:12:06 [INFO ] (964, 1, 3000)
2023-12-30 12:12:06 [INFO ] (920, 1, 3000)
2023-12-30 12:12:06 [INFO ] W: 285
2023-12-30 12:12:06 [INFO ] N1: 180
2023-12-30 12:12:06 [INFO ] N2: 678
2023-12-30 12:12:06 [INFO ] N3: 507
2023-12-30 12:12:06 [INFO ] REM: 234
2023-12-30 12:12:09 [INFO ] Saved outputs to out_sleepedf/predict\pred_SC4181E0.npz
2023-12-30 12:12:13 [INFO ] Saved outputs to out_sleepedf/predict\pred_SC4182E0.npz
2023-12-30 12:12:13 [INFO ] n=1884, acc=44.4, mf1=22.5
2023-12-30 12:12:13 [INFO ] >> Confusion Matrix
2023-12-30 12:12:13 [INFO ] [[186   0  99   0   0]
 [ 70   0 110   0   0]
 [ 28   0 650   0   0]
 [ 97   0 410   0   0]
 [ 64   0 170   0   0]]
2023-12-30 12:12:13 [INFO ] ------------------------
2023-12-30 12:12:13 [INFO ] 
2023-12-30 12:12:13 [INFO ] ------ Fold 20/20 ------
2023-12-30 12:12:13 [INFO ] Test SIDs: (1) [19]
2023-12-30 12:12:13 [INFO ] Loaded model from out_sleepedf/train\19\best_model.ckpt
2023-12-30 12:12:13 [INFO ] Subject ID: 19
2023-12-30 12:12:13 [INFO ] Load files ./data/sleepedf/sleep-cassette/eeg_fpz_cz\SC4191E0.npz ...
2023-12-30 12:12:13 [INFO ] Load files ./data/sleepedf/sleep-cassette/eeg_fpz_cz\SC4192E0.npz ...
2023-12-30 12:12:13 [INFO ] Test set (n_night_sleeps=2)
2023-12-30 12:12:13 [INFO ] (1535, 1, 3000)
2023-12-30 12:12:13 [INFO ] (1274, 1, 3000)
2023-12-30 12:12:13 [INFO ] W: 564
2023-12-30 12:12:13 [INFO ] N1: 190
2023-12-30 12:12:13 [INFO ] N2: 1267
2023-12-30 12:12:13 [INFO ] N3: 170
2023-12-30 12:12:13 [INFO ] REM: 618
2023-12-30 12:12:19 [INFO ] Saved outputs to out_sleepedf/predict\pred_SC4191E0.npz
2023-12-30 12:12:24 [INFO ] Saved outputs to out_sleepedf/predict\pred_SC4192E0.npz
2023-12-30 12:12:24 [INFO ] n=2809, acc=45.1, mf1=12.4
2023-12-30 12:12:24 [INFO ] >> Confusion Matrix
2023-12-30 12:12:24 [INFO ] [[   0    0  564    0    0]
 [   0    0  190    0    0]
 [   0    0 1267    0    0]
 [   0    0  170    0    0]
 [   0    0  618    0    0]]
2023-12-30 12:12:24 [INFO ] ------------------------
2023-12-30 12:12:24 [INFO ] 
2023-12-30 12:12:24 [INFO ] 
2023-12-30 12:12:24 [INFO ] === Overall ===
2023-12-30 12:12:24 [INFO ] W: 10197
2023-12-30 12:12:24 [INFO ] N1: 2804
2023-12-30 12:12:24 [INFO ] N2: 17799
2023-12-30 12:12:24 [INFO ] N3: 5703
2023-12-30 12:12:24 [INFO ] REM: 7717
2023-12-30 12:12:24 [INFO ] n=44220, acc=48.3, mf1=25.7
2023-12-30 12:12:24 [INFO ] >> Confusion Matrix
2023-12-30 12:12:24 [INFO ] [[ 5536     0  4464     0   197]
 [ 1007     0  1477     0   320]
 [ 2602     0 15051     4   142]
 [ 1946     0  3729     4    24]
 [ 1672     0  5261     0   784]]
2023-12-30 12:12:24 [INFO ] Total: 44220
2023-12-30 12:12:24 [INFO ] Number of samples from each class: [10197.  2804. 17799.  5703.  7717.]
2023-12-30 12:12:24 [INFO ] Accuracy: 48.3
2023-12-30 12:12:24 [INFO ] Macro F1-Score: nan
2023-12-30 12:12:24 [INFO ] Per-class Precision: 43.4 nan 50.2 50.0 53.4
2023-12-30 12:12:24 [INFO ] Per-class Recall: 54.3 0.0 84.6 0.1 10.2
2023-12-30 12:12:24 [INFO ] Per-class F1-Score: 48.2 nan 63.0 0.1 17.1
2023-12-30 12:12:24 [INFO ] Saved summary to out_sleepedf/predict\sleepedf.npz
